This is LuaHBTeX, Version 1.17.1 (MiKTeX 24.1) (format=lualatex 2025.2.5)  4 MAR 2025 21:36
 restricted system commands enabled.
**main.tex
(./main.tex
LaTeX2e <2023-11-01> patch level 1
L3 programming layer <2024-01-04>
Lua module: luaotfload 2023-08-31 3.26 Lua based OpenType font support
Lua module: lualibs 2023-07-13 2.76 ConTeXt Lua standard libraries.
Lua module: lualibs-extended 2023-07-13 2.76 ConTeXt Lua libraries -- extended c
ollection.
luaotfload | conf : Root cache directory is "C:/Users/Patrick/AppData/Local/MiKT
eX/luatex-cache/generic/names".
luaotfload | init : Loading fontloader "fontloader-2023-08-19.lua" from kpse-res
olved path "C:/Users/Patrick/AppData/Local/Programs/MiKTeX/tex/luatex/luaotfload
/fontloader-2023-08-19.lua".
Lua-only attribute luaotfload@noligature = 1
luaotfload | init : Context OpenType loader version 3.133
Inserting `luaotfload.node_processor' in `pre_linebreak_filter'.
Inserting `luaotfload.node_processor' in `hpack_filter'.
Inserting `luaotfload.glyph_stream' in `glyph_stream_provider'.
Inserting `luaotfload.define_font' in `define_font'.
Lua-only attribute luaotfload_color_attribute = 2
luaotfload | conf : Root cache directory is "C:/Users/Patrick/AppData/Local/MiKT
eX/luatex-cache/generic/names".
Inserting `luaotfload.harf.strip_prefix' in `find_opentype_file'.
Inserting `luaotfload.harf.strip_prefix' in `find_truetype_file'.
Removing  `luaotfload.glyph_stream' from `glyph_stream_provider'.
Inserting `luaotfload.harf.glyphstream' in `glyph_stream_provider'.
Inserting `luaotfload.harf.finalize_vlist' in `post_linebreak_filter'.
Inserting `luaotfload.harf.finalize_hlist' in `hpack_filter'.
Inserting `luaotfload.cleanup_files' in `wrapup_run'.
Inserting `luaotfload.harf.finalize_unicode' in `finish_pdffile'.
Inserting `luaotfload.glyphinfo' in `glyph_info'.
Lua-only attribute luaotfload.letterspace_done = 3
Inserting `luaotfload.aux.set_sscale_dimens' in `luaotfload.patch_font'.
Inserting `luaotfload.aux.set_font_index' in `luaotfload.patch_font'.
Inserting `luaotfload.aux.patch_cambria_domh' in `luaotfload.patch_font'.
Inserting `luaotfload.aux.fixup_fontdata' in `luaotfload.patch_font_unsafe'.
Inserting `luaotfload.aux.set_capheight' in `luaotfload.patch_font'.
Inserting `luaotfload.aux.set_xheight' in `luaotfload.patch_font'.
Inserting `luaotfload.rewrite_fontname' in `luaotfload.patch_font'.
Inserting `tracingstacklevels' in `input_level_string'. (C:/Users/Patrick/AppDa
ta/Local/Programs/MiKTeX/tex/latex/abntex2/abntex2.cls
Document Class: abntex2 2018/11/24 v-1.9.7 abnTeX2
(C:/Users/Patrick/AppData/Local/Programs/MiKTeX/tex/latex/base/ifthen.sty
Package: ifthen 2022/04/13 v1.1d Standard LaTeX ifthen package (DPC)
)
(C:/Users/Patrick/AppData/Local/Programs/MiKTeX/tex/latex/memoir/memoir.cls
Document Class: memoir 2024/01/26 v3.8.2 configurable book, report, article doc
ument class
(C:/Users/Patrick/AppData/Local/Programs/MiKTeX/tex/latex/xpatch/xpatch.sty
(C:/Users/Patrick/AppData/Local/Programs/MiKTeX/tex/latex/l3kernel/expl3.sty
Package: expl3 2024-01-04 L3 programming layer (loader) 

(C:/Users/Patrick/AppData/Local/Programs/MiKTeX/tex/latex/l3backend/l3backend-l
uatex.def
File: l3backend-luatex.def 2024-01-04 L3 backend support: PDF output (LuaTeX)
\l__color_backend_stack_int=\count185
Inserting `l3color' in `luaotfload.parse_color'.
\l__pdf_internal_box=\box51
))
Package: xpatch 2020/03/25 v0.3a Extending etoolbox patching commands

(C:/Users/Patrick/AppData/Local/Programs/MiKTeX/tex/latex/l3packages/xparse/xpa
rse.sty
Package: xparse 2023-10-10 L3 Experimental document command parser
)
(C:/Users/Patrick/AppData/Local/Programs/MiKTeX/tex/latex/etoolbox/etoolbox.sty
Package: etoolbox 2020/10/05 v2.5k e-TeX tools for LaTeX (JAW)
\etb@tempcnta=\count186
))
\onelineskip=\skip48
\lxvchars=\skip49
\xlvchars=\skip50
\@memcnta=\count187
\c@@memmarkcntra=\count188
 (C:/Users/Patrick/AppData/Local/Programs/MiKTeX/tex/generic/iftex/iftex.sty
Package: iftex 2022/02/03 v1.0f TeX engine tests
)
\trimtop=\skip51
\trimedge=\skip52
(C:/Users/Patrick/AppData/Local/Programs/MiKTeX/tex/latex/memoir/mem12.clo
File: mem12.clo 2022/07/29 v0.5 memoir class 12pt size option
luaotfload | db : Font names database loaded from C:/Users/Patrick/AppData/Local
/MiKTeX/luatex-cache/generic/names/luaotfload-names.luc.gz)
\binding=\skip53
\spinemargin=\skip54
\foremargin=\skip55
\uppermargin=\skip56
\lowermargin=\skip57
\headdrop=\skip58
\normalrulethickness=\skip59
\mem@maxheadheight=\skip60
\mem@maxfootheight=\skip61
\headwidth=\skip62
\c@storedpagenumber=\count189
\memPD=\dimen139
\m@mabparskip=\skip63
\thanksmarkwidth=\skip64
\thanksmarksep=\skip65
\droptitle=\skip66
\c@book=\count190
\c@part=\count191
\c@chapter=\count192
\c@section=\count193
\c@subsection=\count194
\c@subsubsection=\count195
\c@paragraph=\count196
\c@subparagraph=\count197
\beforechapskip=\skip67
\midchapskip=\skip68
\afterchapskip=\skip69
\chapindent=\skip70
\bottomsectionskip=\skip71
\secindent=\skip72
\beforesecskip=\skip73
\aftersecskip=\skip74
\subsecindent=\skip75
\beforesubsecskip=\skip76
\aftersubsecskip=\skip77
\subsubsecindent=\skip78
\beforesubsubsecskip=\skip79
\aftersubsubsecskip=\skip80
\paraindent=\skip81
\beforeparaskip=\skip82
\afterparaskip=\skip83
\subparaindent=\skip84
\beforesubparaskip=\skip85
\aftersubparaskip=\skip86
\pfbreakskip=\skip87
\c@@ppsavesec=\count198
\c@@ppsaveapp=\count199
\ragrparindent=\dimen140
\everylistparindent=\dimen141
\parsepi=\skip88
\topsepi=\skip89
\itemsepi=\skip90
\parsepii=\skip91
\topsepii=\skip92
\topsepiii=\skip93
\itemsepii=\skip94
\itemsepiii=\skip95
\partopsepii=\skip96
\partopsepiii=\skip97
\m@msavetopsep=\skip98
\m@msavepartopsep=\skip99
\@enLab=\toks17
\abstitleskip=\skip100
\absleftindent=\skip101
\abs@leftindent=\dimen142
\absrightindent=\skip102
\absparindent=\skip103
\absparsep=\skip104
\c@vslineno=\count266
\c@poemline=\count267
\c@modulo@vs=\count268
\c@memfvsline=\count269
\vleftskip=\skip105
\vrightskip=\skip106
\stanzaskip=\skip107
\versewidth=\skip108
\vgap=\skip109
\vindent=\skip110
\vleftmargin=\dimen143
\c@verse=\count270
\c@chrsinstr=\count271
\beforepoemtitleskip=\skip111
\afterpoemtitleskip=\skip112
\c@poem=\count272
\beforePoemTitleskip=\skip113
\midPoemTitleskip=\skip114
\afterPoemTitleskip=\skip115

(C:/Users/Patrick/AppData/Local/Programs/MiKTeX/tex/latex/tools/array.sty
Package: array 2023/10/16 v2.5g Tabular extension package (FMi)
\col@sep=\dimen144
\ar@mcellbox=\box52
\extrarowheight=\dimen145
\NC@list=\toks18
\extratabsurround=\skip116
\backup@length=\skip117
\ar@cellbox=\box53
)
(C:/Users/Patrick/AppData/Local/Programs/MiKTeX/tex/latex/tools/dcolumn.sty
Package: dcolumn 2023/07/08 v1.06 decimal alignment package (DPC)
)
(C:/Users/Patrick/AppData/Local/Programs/MiKTeX/tex/latex/tools/delarray.sty
Package: delarray 2014/10/28 v1.01 array delimiter package (DPC)
)
(C:/Users/Patrick/AppData/Local/Programs/MiKTeX/tex/latex/tools/tabularx.sty
Package: tabularx 2023/07/08 v2.11c `tabularx' package (DPC)
\TX@col@width=\dimen146
\TX@old@table=\dimen147
\TX@old@col=\dimen148
\TX@target=\dimen149
\TX@delta=\dimen150
\TX@cols=\count273
\TX@ftn=\toks19
)
(C:/Users/Patrick/AppData/Local/Programs/MiKTeX/tex/latex/booktabs/booktabs.sty
Package: booktabs 2020/01/12 v1.61803398 Publication quality tables
\heavyrulewidth=\dimen151
\lightrulewidth=\dimen152
\cmidrulewidth=\dimen153
\belowrulesep=\dimen154
\belowbottomsep=\dimen155
\aboverulesep=\dimen156
\abovetopsep=\dimen157
\cmidrulesep=\dimen158
\cmidrulekern=\dimen159
\defaultaddspace=\dimen160
\@cmidla=\count274
\@cmidlb=\count275
\@aboverulesep=\dimen161
\@belowrulesep=\dimen162
\@thisruleclass=\count276
\@lastruleclass=\count277
\@thisrulewidth=\dimen163
)
\ctableftskip=\skip118
\ctabrightskip=\skip119
\abovecolumnspenalty=\count278
\@linestogo=\count279
\@cellstogo=\count280
\@cellsincolumn=\count281
\crtok=\toks20
\@mincolumnwidth=\dimen164
\c@newflo@tctr=\count282
\mem@margin@floatbox=\box54
\@contcwidth=\skip120
\@contindw=\skip121
\abovecaptionskip=\skip122
\belowcaptionskip=\skip123
\subfloattopskip=\skip124
\subfloatcapskip=\skip125
\subfloatcaptopadj=\skip126
\subfloatbottomskip=\skip127
\subfloatlabelskip=\skip128
\subfloatcapmargin=\dimen165
\c@@contsubnum=\count283
\m@mscap@capbox=\box55
\m@mscap@fbox=\box56
\sidecapsep=\dimen166
\sidecapwidth=\dimen167
\m@m@tempdima=\dimen168
\m@mscapraise=\dimen169
\sidecapraise=\dimen170
\m@mscapmainwidth=\dimen171
\m@mscaplkern=\dimen172
\beforeepigraphskip=\skip129
\afterepigraphskip=\skip130
\epigraphwidth=\skip131
\epigraphrule=\skip132
LaTeX Info: Redefining \em on input line 6932.
LaTeX Info: Redefining \emph on input line 6940.

(C:/Users/Patrick/AppData/Local/Programs/MiKTeX/tex/latex/hyperref/nameref.sty
Package: nameref 2023-11-26 v2.56 Cross-referencing by name of section

(C:/Users/Patrick/AppData/Local/Programs/MiKTeX/tex/latex/refcount/refcount.sty
Package: refcount 2019/12/15 v3.6 Data extraction from label references (HO)

(C:/Users/Patrick/AppData/Local/Programs/MiKTeX/tex/generic/ltxcmds/ltxcmds.sty
Package: ltxcmds 2023-12-04 v1.26 LaTeX kernel commands for general use (HO)
)
(C:/Users/Patrick/AppData/Local/Programs/MiKTeX/tex/generic/infwarerr/infwarerr
.sty
Package: infwarerr 2019/12/03 v1.5 Providing info/warning/error messages (HO)
))
(C:/Users/Patrick/AppData/Local/Programs/MiKTeX/tex/generic/gettitlestring/gett
itlestring.sty
Package: gettitlestring 2019/12/15 v1.6 Cleanup title references (HO)

(C:/Users/Patrick/AppData/Local/Programs/MiKTeX/tex/latex/kvoptions/kvoptions.s
ty
Package: kvoptions 2022-06-15 v3.15 Key value format for package options (HO)

(C:/Users/Patrick/AppData/Local/Programs/MiKTeX/tex/latex/graphics/keyval.sty
Package: keyval 2022/05/29 v1.15 key=value parser (DPC)
\KV@toks@=\toks21
)
(C:/Users/Patrick/AppData/Local/Programs/MiKTeX/tex/latex/kvsetkeys/kvsetkeys.s
ty
Package: kvsetkeys 2022-10-05 v1.19 Key value parser (HO)
)))
\c@section@level=\count284
)
\tocentryskip=\skip133
\tocbaseline=\skip134
\cftparskip=\skip135
\cftbeforebookskip=\skip136
\cftbookindent=\dimen173
\cftbooknumwidth=\dimen174
\cftbeforepartskip=\skip137
\cftpartindent=\skip138
\cftpartnumwidth=\skip139
\cftbeforechapterskip=\skip140
\cftchapterindent=\skip141
\cftchapternumwidth=\skip142
\cftbeforesectionskip=\skip143
\cftsectionindent=\skip144
\cftsectionnumwidth=\skip145
\cftbeforesubsectionskip=\skip146
\cftsubsectionindent=\skip147
\cftsubsectionnumwidth=\skip148
\cftbeforesubsubsectionskip=\skip149
\cftsubsubsectionindent=\skip150
\cftsubsubsectionnumwidth=\skip151
\cftbeforeparagraphskip=\skip152
\cftparagraphindent=\skip153
\cftparagraphnumwidth=\skip154
\cftbeforesubparagraphskip=\skip155
\cftsubparagraphindent=\skip156
\cftsubparagraphnumwidth=\skip157
\prechapterprecisshift=\dimen175
\c@maxsecnumdepth=\count285
\bibindent=\dimen176
\bibitemsep=\skip158
\indexcolsep=\skip159
\indexrule=\skip160
\indexmarkstyle=\toks22
\@indexbox=\insert252
LaTeX Info: Redefining \raggedbottom on input line 7935.
LaTeX Info: Redefining \flushbottom on input line 7939.
\glossarycolsep=\dimen177
\glossaryrule=\dimen178
\sideparvshift=\skip161
\sideins=\insert251
\sidebartopsep=\skip162
\sidebarhsep=\skip163
\sidebarvsep=\skip164
\sidebarwidth=\skip165
\footmarkwidth=\skip166
\footmarksep=\skip167
\footparindent=\skip168
\footinsdim=\skip169
\footinsv@r=\insert250
\@mpfootinsv@r=\insert249
\m@m@k=\count286
\m@m@h=\dimen179
\m@mipn@skip=\skip170
\sidefootins=\insert248
\sidefootadjust=\skip171
\sidefootheight=\skip172
\sidefoothsep=\skip173
\sidefootvsep=\skip174
\sidefootwidth=\skip175
\m@mdownsf=\skip176
\c@sidefootnote=\count287
\sidefootmarkwidth=\skip177
\sidefootmarksep=\skip178
\sidefootparindent=\skip179
\c@pagenote=\count288
\c@pagenoteshadow=\count289
\mem@pn@lastkern=\skip180

(C:/Users/Patrick/AppData/Local/Programs/MiKTeX/tex/latex/tools/verbatim.sty
Package: verbatim 2023-11-06 v1.5v LaTeX2e package for verbatim enhancements
\every@verbatim=\toks23
\verbatim@line=\toks24
\verbatim@in@stream=\read2
)
\verbatimindent=\skip181
\verbatim@out=\write3

(C:/Users/Patrick/AppData/Local/Programs/MiKTeX/tex/latex/base/shortvrb.sty
Package: shortvrb 2022/11/13 v3.0m Standard LaTeX documentation package V3 (FMi
)
)
\bvboxsep=\skip182
\c@memfbvline=\count290
\c@bvlinectr=\count291
\bvnumlength=\skip183
\fb@frw=\dimen180
\fb@frh=\dimen181
\FrameRule=\dimen182
\FrameSep=\dimen183
\c@cp@cntr=\count292
\c@ism@mctr=\count293
\c@xsm@mctr=\count294
\c@csm@mctr=\count295
\c@ksm@mctr=\count296
\c@xksm@mctr=\count297
\c@cksm@mctr=\count298
\c@msm@mctr=\count299
\c@xmsm@mctr=\count300
\c@cmsm@mctr=\count301
\c@bsm@mctr=\count302
\c@workm@mctr=\count303
\c@sheetsequence=\count304
\c@lastsheet=\count305
\c@lastpage=\count306

(C:/Users/Patrick/AppData/Local/Programs/MiKTeX/tex/latex/textcase/textcase.sty
Package: textcase 2023/07/27 v1.04 Text only upper/lower case changing (DPC)
Package textcase Info: Defining Legacy names on input line 20.
)
\c@figure=\count307
\c@lofdepth=\count308
\cftbeforefigureskip=\skip184
\cftfigureindent=\skip185
\cftfigurenumwidth=\skip186
\c@table=\count309
\c@lotdepth=\count310
\cftbeforetableskip=\skip187
\cfttableindent=\skip188
\cfttablenumwidth=\skip189
Package abstract [2008/07/23] emulated by memoir.
Package appendix [2008/07/23] emulated by memoir.
Package ccaption [2008/07/23] emulated by memoir.
Package changepage [2008/07/23] emulated by memoir.
Package chngcntr [2008/07/23] emulated by memoir.
Package chngpage [2008/07/23] emulated by memoir.
Package crop emulated by memoir.
Package enumerate [2008/07/23] emulated by memoir.
Package epigraph [2008/07/23] emulated by memoir.
Package ifmtarg [2008/07/23] emulated by memoir.
Package index [2008/07/23] emulated by memoir.
Package makeidx [2008/07/23] emulated by memoir.
Package moreverb [2008/07/23] emulated by memoir.
Package needspace [2008/07/23] emulated by memoir.
Package newfile [2008/07/23] emulated by memoir.
Package nextpage [2008/07/23] emulated by memoir.
Package pagenote [2008/07/23] emulated by memoir.
Package parskip [2008/07/23] emulated by memoir.
Package patchcmd [2008/07/23] emulated by memoir.
Package setspace [2008/07/23] emulated by memoir.
Package shortvrb [2008/07/23] emulated by memoir.
Package showidx [2008/07/23] emulated by memoir.
Package titleref [2008/07/23] emulated by memoir.
Package titling [2008/07/23] emulated by memoir.
Package tocbibind [2008/07/23] emulated by memoir.
Package tocloft [2008/07/23] emulated by memoir.
Package tocvsec2 [2008/07/23] emulated by memoir.
Package verbatim [2008/07/23] emulated by memoir.
Package verse [2008/07/23] emulated by memoir.
)
(C:/Users/Patrick/AppData/Local/Programs/MiKTeX/tex/latex/hyperref/hyperref.sty
Package: hyperref 2023-11-26 v7.01g Hypertext links for LaTeX

(C:/Users/Patrick/AppData/Local/Programs/MiKTeX/tex/generic/kvdefinekeys/kvdefi
nekeys.sty
Package: kvdefinekeys 2019-12-19 v1.6 Define keys (HO)
)
(C:/Users/Patrick/AppData/Local/Programs/MiKTeX/tex/generic/pdfescape/pdfescape
.sty
Package: pdfescape 2019/12/09 v1.15 Implements pdfTeX's escape features (HO)

(C:/Users/Patrick/AppData/Local/Programs/MiKTeX/tex/generic/pdftexcmds/pdftexcm
ds.sty
Package: pdftexcmds 2020-06-27 v0.33 Utility functions of pdfTeX for LuaTeX (HO
)
Package pdftexcmds Info: \pdf@primitive is available.
Package pdftexcmds Info: \pdf@ifprimitive is available.
Package pdftexcmds Info: \pdfdraftmode found.
\pdftexcmds@toks=\toks25
))
(C:/Users/Patrick/AppData/Local/Programs/MiKTeX/tex/latex/hycolor/hycolor.sty
Package: hycolor 2020-01-27 v1.10 Color options for hyperref/bookmark (HO)
)
(C:/Users/Patrick/AppData/Local/Programs/MiKTeX/tex/latex/letltxmacro/letltxmac
ro.sty
Package: letltxmacro 2019/12/03 v1.6 Let assignment for LaTeX macros (HO)
)
(C:/Users/Patrick/AppData/Local/Programs/MiKTeX/tex/latex/auxhook/auxhook.sty
Package: auxhook 2019-12-17 v1.6 Hooks for auxiliary files (HO)
)
\@linkdim=\dimen184
\Hy@linkcounter=\count311
\Hy@pagecounter=\count312

(C:/Users/Patrick/AppData/Local/Programs/MiKTeX/tex/latex/hyperref/pd1enc.def
File: pd1enc.def 2023-11-26 v7.01g Hyperref: PDFDocEncoding definition (HO)
)
(C:/Users/Patrick/AppData/Local/Programs/MiKTeX/tex/generic/intcalc/intcalc.sty
Package: intcalc 2019/12/15 v1.3 Expandable calculations with integers (HO)
)
\Hy@SavedSpaceFactor=\count313
 (C:/Users/Patrick/AppData/Local/Programs/MiKTeX/tex/latex/hyperref/puenc.def
File: puenc.def 2023-11-26 v7.01g Hyperref: PDF Unicode definition (HO)
)
Package hyperref Info: Hyper figures OFF on input line 4181.
Package hyperref Info: Link nesting OFF on input line 4186.
Package hyperref Info: Hyper index ON on input line 4189.
Package hyperref Info: Plain pages OFF on input line 4196.
Package hyperref Info: Backreferencing OFF on input line 4201.
Package hyperref Info: Implicit mode ON; LaTeX internals redefined.
Package hyperref Info: Bookmarks ON on input line 4448.
\c@Hy@tempcnt=\count314
(C:/Users/Patrick/AppData/Local/Programs/MiKTeX/tex/latex/url/url.sty
\Urlmuskip=\muskip16
Package: url 2013/09/16  ver 3.4  Verb mode for urls, etc.
)
LaTeX Info: Redefining \url on input line 4786.
\XeTeXLinkMargin=\dimen185

(C:/Users/Patrick/AppData/Local/Programs/MiKTeX/tex/generic/bitset/bitset.sty
Package: bitset 2019/12/09 v1.3 Handle bit-vector datatype (HO)

(C:/Users/Patrick/AppData/Local/Programs/MiKTeX/tex/generic/bigintcalc/bigintca
lc.sty
Package: bigintcalc 2019/12/15 v1.5 Expandable calculations on big integers (HO
)
))
\Fld@menulength=\count315
\Field@Width=\dimen186
\Fld@charsize=\dimen187
Package hyperref Info: Hyper figures OFF on input line 6065.
Package hyperref Info: Link nesting OFF on input line 6070.
Package hyperref Info: Hyper index ON on input line 6073.
Package hyperref Info: backreferencing OFF on input line 6080.
Package hyperref Info: Link coloring OFF on input line 6085.
Package hyperref Info: Link coloring with OCG OFF on input line 6090.
Package hyperref Info: PDF/A mode OFF on input line 6095.

(C:/Users/Patrick/AppData/Local/Programs/MiKTeX/tex/latex/base/atbegshi-ltx.sty
Package: atbegshi-ltx 2021/01/10 v1.0c Emulation of the original atbegshi
package with kernel methods
)
\Hy@abspage=\count316
\c@Item=\count317
\c@Hfootnote=\count318
)
Package hyperref Info: Driver (autodetected): hluatex.

(C:/Users/Patrick/AppData/Local/Programs/MiKTeX/tex/latex/hyperref/hluatex.def
File: hluatex.def 2023-11-26 v7.01g Hyperref driver for luaTeX

(C:/Users/Patrick/AppData/Local/Programs/MiKTeX/tex/generic/stringenc/stringenc
.sty
Package: stringenc 2019/11/29 v1.12 Convert strings between diff. encodings (HO
)
)
(C:/Users/Patrick/AppData/Local/Programs/MiKTeX/tex/latex/base/atveryend-ltx.st
y
Package: atveryend-ltx 2020/08/19 v1.0a Emulation of the original atveryend pac
kage
with kernel methods
)
\Fld@listcount=\count319
\c@bookmark@seq@number=\count320

(C:/Users/Patrick/AppData/Local/Programs/MiKTeX/tex/latex/rerunfilecheck/rerunf
ilecheck.sty
Package: rerunfilecheck 2022-07-10 v1.10 Rerun checks for auxiliary files (HO)

(C:/Users/Patrick/AppData/Local/Programs/MiKTeX/tex/generic/uniquecounter/uniqu
ecounter.sty
Package: uniquecounter 2019/12/15 v1.4 Provide unlimited unique counter (HO)
)
Package uniquecounter Info: New unique counter `rerunfilecheck' on input line 2
85.
)
\Hy@SectionHShift=\skip190
)
(C:/Users/Patrick/AppData/Local/Programs/MiKTeX/tex/latex/memoir/memhfixc.sty
Package: memhfixc 2023/09/10 v1.22 hyperref package fixes for memoir class
\c@memhycontfloat=\count321
\c@Hpagenote=\count322
)
(C:/Users/Patrick/AppData/Local/Programs/MiKTeX/tex/latex/bookmark/bookmark.sty
Package: bookmark 2023-12-10 v1.31 PDF bookmarks (HO)

(C:/Users/Patrick/AppData/Local/Programs/MiKTeX/tex/latex/bookmark/bkm-pdftex.d
ef
File: bkm-pdftex.def 2023-12-10 v1.31 bookmark driver for pdfTeX and luaTeX (HO
)
\BKM@id=\count323
))
(C:/Users/Patrick/AppData/Local/Programs/MiKTeX/tex/generic/babel/babel.sty
Package: babel 2024/01/07 v24.1 The Babel package

(C:/Users/Patrick/AppData/Local/Programs/MiKTeX/tex/generic/babel/luababel.def
\bbl@readstream=\read3
\l@afrikaans=\language2
Package babel Info: Non-standard hyphenation setup on input line 118.
\l@ancientgreek=\language3
\l@armenian=\language4
\l@assamese=\language5
\l@basque=\language6
\l@belarusian=\language7
\l@bengali=\language8
\l@bokmal=\language9
\l@bulgarian=\language10
\l@catalan=\language11
\l@churchslavonic=\language12
\l@classiclatin=\language13
\l@coptic=\language14
\l@croatian=\language15
\l@czech=\language16
\l@danish=\language17
\l@dutch=\language18
\l@esperanto=\language19
\l@estonian=\language20
\l@ethiopic=\language21
\l@finnish=\language22
\l@french=\language23
\l@friulan=\language24
\l@galician=\language25
\l@georgian=\language26
\l@german=\language27
\l@greek=\language28
\l@gujarati=\language29
\l@hindi=\language30
\l@hungarian=\language31
\l@icelandic=\language32
\l@indonesian=\language33
\l@interlingua=\language34
\l@irish=\language35
\l@italian=\language36
\l@kannada=\language37
\l@kurmanji=\language38
\l@latin=\language39
\l@latvian=\language40
\l@lithuanian=\language41
\l@liturgicallatin=\language42
\l@macedonian=\language43
\l@malayalam=\language44
\l@marathi=\language45
\l@mongolian=\language46
\l@mongolianlmc=\language47
\l@monogreek=\language48
\l@ngerman=\language49
\l@nynorsk=\language50
\l@occitan=\language51
\l@oriya=\language52
\l@pali=\language53
\l@panjabi=\language54
\l@piedmontese=\language55
\l@polish=\language56
\l@portuguese=\language57
\l@romanian=\language58
\l@romansh=\language59
\l@russian=\language60
\l@sanskrit=\language61
\l@serbian=\language62
\l@serbianc=\language63
\l@slovak=\language64
\l@slovenian=\language65
\l@spanish=\language66
\l@swedish=\language67
\l@swissgerman=\language68
\l@tamil=\language69
\l@telugu=\language70
\l@thai=\language71
\l@turkish=\language72
\l@turkmen=\language73
\l@ukenglish=\language74
\l@ukrainian=\language75
\l@uppersorbian=\language76
\l@usenglishmax=\language77
\l@welsh=\language78
\babelcatcodetablenum=\catcodetable14
\bbl@pattcodes=\catcodetable15
)
\babel@savecnt=\count324
\U@D=\dimen188
\l@unhyphenated=\language79
(C:/Users/Patrick/AppData/Local/Programs/MiKTeX/tex/generic/babel/luababel.def
\bbl@attr@locale=\attribute4
)
*************************************
* Local config file bblopts.cfg used
*
(C:/Users/Patrick/AppData/Local/Programs/MiKTeX/tex/latex/arabi/bblopts.cfg
File: bblopts.cfg 2005/09/08 v0.1 add Arabic and Farsi to "declared" options of
 babel
)
(C:/Users/Patrick/AppData/Local/Programs/MiKTeX/tex/latex/babel-english/english
.ldf
Language: english 2017/06/06 v3.3r English support from the babel system
Package babel Info: Hyphen rules for 'canadian' set to \l@english
(babel)             (\language0). Reported on input line 102.
Package babel Info: Hyphen rules for 'australian' set to \l@ukenglish
(babel)             (\language74). Reported on input line 105.
Package babel Info: Hyphen rules for 'newzealand' set to \l@ukenglish
(babel)             (\language74). Reported on input line 108.
)
(C:/Users/Patrick/AppData/Local/Programs/MiKTeX/tex/generic/babel-french/french
.ldf
Language: french 2024-02-29 v3.5s French support from the babel system
Package babel Info: Hyphen rules for 'acadian' set to \l@french
(babel)             (\language23). Reported on input line 91.
Package babel Info: Hyphen rules for 'canadien' set to \l@french
(babel)             (\language23). Reported on input line 92.
\FB@stdchar=\count325
\FB@spacing=\attribute5
\FB@addDPspace=\attribute6
\FB@addGUILspace=\attribute7
\FB@ucsNBSP=\attribute8
\FB@dialect=\attribute9
Package french.ldf Info: No need for active punctuation characters
(french.ldf)             with this version of LuaTeX!
(french.ldf)             reported on input line 250.
\FBguill@level=\count326
\FBold@everypar=\toks26
\FB@Mht=\dimen189
\mc@charclass=\count327
\mc@charfam=\count328
\mc@charslot=\count329
\std@mcc=\count330
\dec@mcc=\count331
Inserting `frenchb.french_punctuation' in `kerning'.
\FB@parskip=\dimen190
\listindentFB=\dimen191
\descindentFB=\dimen192
\labelindentFB=\dimen193
\labelwidthFB=\dimen194
\leftmarginFB=\dimen195
\parindentFFN=\dimen196
\FBfnindent=\dimen197

(C:/Users/Patrick/AppData/Local/Programs/MiKTeX/tex/generic/hyph-utf8/loadhyph/
loadhyph-fr.tex UTF-8 French hyphenation patterns
(C:/Users/Patrick/AppData/Local/Programs/MiKTeX/tex/generic/hyph-utf8/patterns/
tex/hyph-fr.tex)
(C:/Users/Patrick/AppData/Local/Programs/MiKTeX/tex/generic/hyph-utf8/patterns/
quote/hyph-quote-fr.tex)))
(C:/Users/Patrick/AppData/Local/Programs/MiKTeX/tex/latex/babel-spanish/spanish
.ldf
Language: spanish.ldf 2021/05/27 v5.0q Spanish support from the babel system
\es@quottoks=\toks27
\es@quotdepth=\count332
Package babel Info: Making " an active character on input line 570.
Package babel Info: Making . an active character on input line 675.
Package babel Info: Making < an active character on input line 722.
Package babel Info: Making > an active character on input line 722.

(C:/Users/Patrick/AppData/Local/Programs/MiKTeX/tex/generic/hyph-utf8/loadhyph/
loadhyph-es.tex UTF-8 Spanish hyphenation patterns
(C:/Users/Patrick/AppData/Local/Programs/MiKTeX/tex/generic/hyph-utf8/patterns/
tex/hyph-es.tex)))
(C:/Users/Patrick/AppData/Local/Programs/MiKTeX/tex/latex/babel-portuges/brazil
.ldf
Language: portuges 2021/07/09 v1.2t Portuguese support from the babel system
Package babel Info: Hyphen rules for 'brazil' set to \l@portuguese
(babel)             (\language57). Reported on input line 111.

(C:/Users/Patrick/AppData/Local/Programs/MiKTeX/tex/generic/hyph-utf8/loadhyph/
loadhyph-pt.tex UTF-8 Portuguese hyphenation patterns
(C:/Users/Patrick/AppData/Local/Programs/MiKTeX/tex/generic/hyph-utf8/patterns/
tex/hyph-pt.tex))))
(C:/Users/Patrick/AppData/Local/Programs/MiKTeX/tex/generic/babel/locale/es/bab
el-spanish.tex
Package babel Info: Importing font and identification data for spanish
(babel)             from babel-es.ini. Reported on input line 11.
)
(C:/Users/Patrick/AppData/Local/Programs/MiKTeX/tex/generic/babel/locale/fr/bab
el-french.tex
Package babel Info: Importing font and identification data for french
(babel)             from babel-fr.ini. Reported on input line 11.
)
(C:/Users/Patrick/AppData/Local/Programs/MiKTeX/tex/generic/babel/locale/en/bab
el-english.tex
Package babel Info: Importing font and identification data for english
(babel)             from babel-en.ini. Reported on input line 11.
)
(C:/Users/Patrick/AppData/Local/Programs/MiKTeX/tex/latex/carlisle/scalefnt.sty
)
(C:/Users/Patrick/AppData/Local/Programs/MiKTeX/tex/latex/enumitem/enumitem.sty
Package: enumitem 2019/06/20 v3.9 Customized lists
\labelindent=\skip191
\enit@outerparindent=\dimen198
\enit@toks=\toks28
\enit@inbox=\box57
\enit@count@id=\count333
\enitdp@description=\count334
) (C:/Users/Patrick/AppData/Local/Programs/MiKTeX/tex/latex/tools/calc.sty
Package: calc 2023/07/08 v4.3 Infix arithmetic (KKT,FJ)
\calc@Acount=\count335
\calc@Bcount=\count336
\calc@Adimen=\dimen199
\calc@Bdimen=\dimen256
\calc@Askip=\skip192
\calc@Bskip=\skip193
LaTeX Info: Redefining \setlength on input line 80.
LaTeX Info: Redefining \addtolength on input line 81.
\calc@Ccount=\count337
\calc@Cskip=\skip194
)

******************************************************
Stock height and width: 845.04684pt by 597.50787pt
Top and edge trims: 0pt and 0pt
Page height and width: 845.04684pt by 597.50787pt
Text height and width: 708pt by 455pt
Spine and edge margins: 85.35826pt and 56.9055pt
Upper and lower margins: 85.35826pt and 51.68858pt
Headheight and headsep: 14.5pt and 19.8738pt
Footskip: 30pt
Columnsep and columnseprule: 10pt and 0pt
Marginparsep and marginparwidth: 7pt and 42.9055pt
Sidecapsep and sidecapwidth: 7pt and 42pt
Sidebarhsep and sidebarwidth: 7pt and 42pt
Sidebarvsep and sidebartopsep: 14.5pt and 0pt
Sidebarheight: 590.14995pt
Sidefoothsep and sidefootwidth: 7pt and 42pt
Sidefootvsep and sidefootheight: 14.5pt and 590.14995pt
******************************************************

\c@abntex@bookmarkcounter=\count338
\cftlastnumwidth=\skip195
\chapternamenumlength=\skip196
\ABNTEXcitacaorecuo=\skip197
\c@alineasi=\count339
\c@alineasii=\count340
\enitdp@alineas=\count341
\c@subalineasi=\count342
\enitdp@subalineas=\count343
\c@incisosi=\count344
\enitdp@incisos=\count345
\ABNTEXsignwidth=\skip198
\ABNTEXsignthickness=\skip199
\ABNTEXsignskip=\skip256
) (C:/Users/Patrick/AppData/Local/Programs/MiKTeX/tex/latex/lm/lmodern.sty
Package: lmodern 2015/05/01 v1.6.1 Latin Modern Fonts
LaTeX Font Info:    Overwriting symbol font `operators' in version `normal'
(Font)                  OT1/cmr/m/n --> OT1/lmr/m/n on input line 22.
LaTeX Font Info:    Overwriting symbol font `letters' in version `normal'
(Font)                  OML/cmm/m/it --> OML/lmm/m/it on input line 23.
LaTeX Font Info:    Overwriting symbol font `symbols' in version `normal'
(Font)                  OMS/cmsy/m/n --> OMS/lmsy/m/n on input line 24.
LaTeX Font Info:    Overwriting symbol font `largesymbols' in version `normal'
(Font)                  OMX/cmex/m/n --> OMX/lmex/m/n on input line 25.
LaTeX Font Info:    Overwriting symbol font `operators' in version `bold'
(Font)                  OT1/cmr/bx/n --> OT1/lmr/bx/n on input line 26.
LaTeX Font Info:    Overwriting symbol font `letters' in version `bold'
(Font)                  OML/cmm/b/it --> OML/lmm/b/it on input line 27.
LaTeX Font Info:    Overwriting symbol font `symbols' in version `bold'
(Font)                  OMS/cmsy/b/n --> OMS/lmsy/b/n on input line 28.
LaTeX Font Info:    Overwriting symbol font `largesymbols' in version `bold'
(Font)                  OMX/cmex/m/n --> OMX/lmex/m/n on input line 29.
LaTeX Font Info:    Overwriting math alphabet `\mathbf' in version `normal'
(Font)                  OT1/cmr/bx/n --> OT1/lmr/bx/n on input line 31.
LaTeX Font Info:    Overwriting math alphabet `\mathsf' in version `normal'
(Font)                  OT1/cmss/m/n --> OT1/lmss/m/n on input line 32.
LaTeX Font Info:    Overwriting math alphabet `\mathit' in version `normal'
(Font)                  OT1/cmr/m/it --> OT1/lmr/m/it on input line 33.
LaTeX Font Info:    Overwriting math alphabet `\mathtt' in version `normal'
(Font)                  OT1/cmtt/m/n --> OT1/lmtt/m/n on input line 34.
LaTeX Font Info:    Overwriting math alphabet `\mathbf' in version `bold'
(Font)                  OT1/cmr/bx/n --> OT1/lmr/bx/n on input line 35.
LaTeX Font Info:    Overwriting math alphabet `\mathsf' in version `bold'
(Font)                  OT1/cmss/bx/n --> OT1/lmss/bx/n on input line 36.
LaTeX Font Info:    Overwriting math alphabet `\mathit' in version `bold'
(Font)                  OT1/cmr/bx/it --> OT1/lmr/bx/it on input line 37.
LaTeX Font Info:    Overwriting math alphabet `\mathtt' in version `bold'
(Font)                  OT1/cmtt/m/n --> OT1/lmtt/m/n on input line 38.
)
(C:/Users/Patrick/AppData/Local/Programs/MiKTeX/tex/latex/base/fontenc.sty
Package: fontenc 2021/04/29 v2.0v Standard LaTeX package
LaTeX Font Info:    Trying to load font information for T1+lmr on input line 11
2.

(C:/Users/Patrick/AppData/Local/Programs/MiKTeX/tex/latex/lm/t1lmr.fd
File: t1lmr.fd 2015/05/01 v1.6.1 Font defs for Latin Modern
))
(C:/Users/Patrick/AppData/Local/Programs/MiKTeX/tex/latex/base/inputenc.sty
Package: inputenc 2021/02/14 v1.3d Input encoding file
\inpenc@prehook=\toks29
\inpenc@posthook=\toks30


Package inputenc Warning: inputenc package ignored with utf8 based engines.

)
(C:/Users/Patrick/AppData/Local/Programs/MiKTeX/tex/latex/tools/indentfirst.sty
Package: indentfirst 2023/07/02 v1.03 Indent first paragraph (DPC)
) (C:/Users/Patrick/AppData/Local/Programs/MiKTeX/tex/latex/graphics/color.sty
Package: color 2022/01/06 v1.3d Standard LaTeX Color (DPC)

(C:/Users/Patrick/AppData/Local/Programs/MiKTeX/tex/latex/graphics-cfg/color.cf
g
File: color.cfg 2016/01/02 v1.6 sample color configuration
)
Package color Info: Driver file: luatex.def on input line 149.

(C:/Users/Patrick/AppData/Local/Programs/MiKTeX/tex/latex/graphics-def/luatex.d
ef
File: luatex.def 2022/09/22 v1.2d Graphics/color driver for luatex
)
(C:/Users/Patrick/AppData/Local/Programs/MiKTeX/tex/latex/graphics/mathcolor.lt
x))
(C:/Users/Patrick/AppData/Local/Programs/MiKTeX/tex/latex/graphics/graphicx.sty
Package: graphicx 2021/09/16 v1.2d Enhanced LaTeX Graphics (DPC,SPQR)

(C:/Users/Patrick/AppData/Local/Programs/MiKTeX/tex/latex/graphics/graphics.sty
Package: graphics 2022/03/10 v1.4e Standard LaTeX Graphics (DPC,SPQR)
(C:/Users/Patrick/AppData/Local/Programs/MiKTeX/tex/latex/graphics/trig.sty
Package: trig 2021/08/11 v1.11 sin cos tan (DPC)
)
(C:/Users/Patrick/AppData/Local/Programs/MiKTeX/tex/latex/graphics-cfg/graphics
.cfg
File: graphics.cfg 2016/06/04 v1.11 sample graphics configuration
)
Package graphics Info: Driver file: luatex.def on input line 107.
)
\Gin@req@height=\dimen257
\Gin@req@width=\dimen258
)
(C:/Users/Patrick/AppData/Local/Programs/MiKTeX/tex/latex/microtype/microtype.s
ty
Package: microtype 2023/03/13 v3.1a Micro-typographical refinements (RS)
\MT@toks=\toks31
\MT@tempbox=\box58
\MT@count=\count346
LaTeX Info: Redefining \noprotrusionifhmode on input line 1059.
LaTeX Info: Redefining \leftprotrusion on input line 1060.
\MT@prot@toks=\toks32
LaTeX Info: Redefining \rightprotrusion on input line 1078.
LaTeX Info: Redefining \textls on input line 1368.
\MT@outer@kern=\dimen259
LaTeX Info: Redefining \textmicrotypecontext on input line 1988.
\MT@listname@count=\count347

(C:/Users/Patrick/AppData/Local/Programs/MiKTeX/tex/latex/microtype/microtype-l
uatex.def
File: microtype-luatex.def 2023/03/13 v3.1a Definitions specific to luatex (RS)

Lua module: microtype 2023/03/13 3.1a microtype module.
Module microtype Info: overwriting function `keepligature' on input line 63
LaTeX Info: Redefining \lsstyle on input line 688.
LaTeX Info: Redefining \lslig on input line 688.
\MT@outer@space=\skip257
)
Package microtype Info: Loading configuration file microtype.cfg.

(C:/Users/Patrick/AppData/Local/Programs/MiKTeX/tex/latex/microtype/microtype.c
fg
File: microtype.cfg 2023/03/13 v3.1a microtype main configuration file (RS)
))
(C:/Users/Patrick/AppData/Local/Programs/MiKTeX/tex/latex/pdfpages/pdfpages.sty
Package: pdfpages 2025/01/30 v0.6e Insert pages of external PDF documents (AM)
(C:/Users/Patrick/AppData/Local/Programs/MiKTeX/tex/latex/eso-pic/eso-pic.sty
Package: eso-pic 2023/05/03 v3.0c eso-pic (RN)
\ESO@tempdima=\dimen260
\ESO@tempdimb=\dimen261
)
\AM@pagewidth=\dimen262
\AM@pageheight=\dimen263
\AM@fboxrule=\dimen264

(C:/Users/Patrick/AppData/Local/Programs/MiKTeX/tex/latex/pdfpages/ppluatex.def
File: ppluatex.def 2025/01/30 v0.6e Pdfpages driver for LuaTeX (AM)
)
\pdfpages@includegraphics@status=\count348
\AM@pagebox=\box59
\AM@global@opts=\toks33
\AM@pagecnt=\count349
\AM@toc@title=\toks34
\AM@lof@heading=\toks35
\c@AM@survey=\count350
\AM@templatesizebox=\box60
)
(C:/Users/Patrick/AppData/Local/Programs/MiKTeX/tex/latex/listings/listings.sty
\lst@mode=\count351
\lst@gtempboxa=\box61
\lst@token=\toks36
\lst@length=\count352
\lst@currlwidth=\dimen265
\lst@column=\count353
\lst@pos=\count354
\lst@lostspace=\dimen266
\lst@width=\dimen267
\lst@newlines=\count355
\lst@lineno=\count356
\lst@maxwidth=\dimen268
(C:/Users/Patrick/AppData/Local/Programs/MiKTeX/tex/latex/listings/lstmisc.sty
File: lstmisc.sty 2023/02/27 1.9 (Carsten Heinz)
\c@lstnumber=\count357
\lst@skipnumbers=\count358
\lst@framebox=\box62
)
(C:/Users/Patrick/AppData/Local/Programs/MiKTeX/tex/latex/listings/listings.cfg
File: listings.cfg 2023/02/27 1.9 listings configuration
))
Package: listings 2023/02/27 1.9 (Carsten Heinz)
 (C:/Users/Patrick/AppData/Local/Programs/MiKTeX/tex/latex/float/float.sty
Package: float 2001/11/08 v1.3d Float enhancements (AL)
\c@float@type=\count359
\float@exts=\toks37
\float@box=\box63
\@float@everytoks=\toks38
\@floatcapt=\box64
)
(C:/Users/Patrick/AppData/Local/Programs/MiKTeX/tex/latex/tools/multicol.sty
Package: multicol 2023/03/30 v1.9f multicolumn formatting (FMi)
\c@tracingmulticols=\count360
\mult@box=\box65
\multicol@leftmargin=\dimen269
\c@unbalance=\count361
\c@collectmore=\count362
\doublecol@number=\count363
\multicoltolerance=\count364
\multicolpretolerance=\count365
\full@width=\dimen270
\page@free=\dimen271
\premulticols=\dimen272
\postmulticols=\dimen273
\multicolsep=\skip258
\multicolbaselineskip=\skip259
\partial@page=\box66
\last@line=\box67
\mc@boxedresult=\box68
\maxbalancingoverflow=\dimen274
\mult@rightbox=\box69
\mult@grightbox=\box70
\mult@firstbox=\box71
\mult@gfirstbox=\box72
\@tempa=\box73
\@tempa=\box74
\@tempa=\box75
\@tempa=\box76
\@tempa=\box77
\@tempa=\box78
\@tempa=\box79
\@tempa=\box80
\@tempa=\box81
\@tempa=\box82
\@tempa=\box83
\@tempa=\box84
\@tempa=\box85
\@tempa=\box86
\@tempa=\box87
\@tempa=\box88
\@tempa=\box89
\@tempa=\box90
\@tempa=\box91
\@tempa=\box92
\@tempa=\box93
\@tempa=\box94
\@tempa=\box95
\@tempa=\box96
\@tempa=\box97
\@tempa=\box98
\@tempa=\box99
\@tempa=\box100
\@tempa=\box101
\@tempa=\box102
\@tempa=\box103
\@tempa=\box104
\@tempa=\box105
\@tempa=\box106
\@tempa=\box107
\@tempa=\box108
\c@minrows=\count366
\c@columnbadness=\count367
\c@finalcolumnbadness=\count368
\last@try=\dimen275
\multicolovershoot=\dimen276
\multicolundershoot=\dimen277
\mult@nat@firstbox=\box109
\colbreak@box=\box110
\mc@col@check@num=\count369
)
(C:/Users/Patrick/AppData/Local/Programs/MiKTeX/tex/latex/multirow/multirow.sty
Package: multirow 2021/03/15 v2.8 Span multiple rows of a table
\multirow@colwidth=\skip260
\multirow@cntb=\count370
\multirow@dima=\skip261
\bigstrutjot=\dimen278
) (C:/Users/Patrick/AppData/Local/Programs/MiKTeX/tex/latex/lipsum/lipsum.sty
(C:/Users/Patrick/AppData/Local/Programs/MiKTeX/tex/latex/l3packages/l3keys2e/l
3keys2e.sty
Package: l3keys2e 2023-10-10 LaTeX2e option processing using LaTeX3 keys
)
Package: lipsum 2021-09-20 v2.7 150 paragraphs of Lorem Ipsum dummy text
\g__lipsum_par_int=\count371
\l__lipsum_a_int=\count372
\l__lipsum_b_int=\count373

(C:/Users/Patrick/AppData/Local/Programs/MiKTeX/tex/latex/lipsum/lipsum.ltd.tex
))
(C:/Users/Patrick/AppData/Local/Programs/MiKTeX/tex/latex/hyperref/backref.sty
Package: backref 2023-11-26 v1.44 Bibliographical back referencing
)
(C:/Users/Patrick/AppData/Local/Programs/MiKTeX/tex/latex/abntex2/abntex2cite.s
ty
Package: abntex2cite 2018/11/24 v-1.9.7 abnTeX2

(C:/Users/Patrick/AppData/Local/Programs/MiKTeX/tex/latex/abntex2/abntex2abrev.
sty)
\minimumbiblabelwidth=\skip262
\ABCIauxlen=\skip263
\c@ABCIaux=\count374
\c@ABCImax=\count375

(C:/Users/Patrick/AppData/Local/Programs/MiKTeX/tex/generic/iftex/ifpdf.sty
Package: ifpdf 2019/10/25 v3.4 ifpdf legacy package. Use iftex instead.
)
(C:/Users/Patrick/AppData/Local/Programs/MiKTeX/tex/generic/iftex/ifxetex.sty
Package: ifxetex 2019/10/25 v0.7 ifxetex legacy package. Use iftex instead.
)
(C:/Users/Patrick/AppData/Local/Programs/MiKTeX/tex/latex/relsize/relsize.sty
Package: relsize 2013/03/29 ver 4.1
)
\biblabelsep=\skip264
LaTeX Info: Redefining \newblock on input line 591.
LaTeX Info: Redefining \cite on input line 618.
\ABCItoken=\toks39
)
Package color Info: Redefining color blue on input line 143.
Package hyperref Info: Option `colorlinks' set `true' on input line 160.
\main@idxfile=\write4

\openout4 = main.idx
Writing index file main.idx 
(./main.aux (./capitulos/1-introducao.aux) (./capitulos/2-atividades.aux

LaTeX Warning: Label `tab:usuarios' multiply defined.


LaTeX Warning: Label `tab:usuarios' multiply defined.


LaTeX Warning: Label `tab:usuarios' multiply defined.


LaTeX Warning: Label `fig:exemplo-imagem' multiply defined.


LaTeX Warning: Label `tab:Imoveis' multiply defined.


LaTeX Warning: Label `tab:Imoveis' multiply defined.


LaTeX Warning: Label `tab:Imoveis' multiply defined.


LaTeX Warning: Label `fig:exemplo-imagem' multiply defined.


LaTeX Warning: Label `fig:exemplo-imagem' multiply defined.

) (./capitulos/3-conclusao.aux) (./anexos/anexos.aux))
\openout1 = main.aux

LaTeX Font Info:    Checking defaults for OML/cmm/m/it on input line 183.
LaTeX Font Info:    ... okay on input line 183.
LaTeX Font Info:    Checking defaults for OMS/cmsy/m/n on input line 183.
LaTeX Font Info:    ... okay on input line 183.
LaTeX Font Info:    Checking defaults for OT1/cmr/m/n on input line 183.
LaTeX Font Info:    ... okay on input line 183.
LaTeX Font Info:    Checking defaults for T1/cmr/m/n on input line 183.
LaTeX Font Info:    ... okay on input line 183.
LaTeX Font Info:    Checking defaults for TS1/cmr/m/n on input line 183.
LaTeX Font Info:    Trying to load font information for TS1+cmr on input line 1
83.

(C:/Users/Patrick/AppData/Local/Programs/MiKTeX/tex/latex/base/ts1cmr.fd
File: ts1cmr.fd 2023/04/13 v2.5m Standard LaTeX font definitions
)
LaTeX Font Info:    ... okay on input line 183.
LaTeX Font Info:    Checking defaults for TU/lmr/m/n on input line 183.
LaTeX Font Info:    ... okay on input line 183.
LaTeX Font Info:    Checking defaults for OMX/cmex/m/n on input line 183.
LaTeX Font Info:    ... okay on input line 183.
LaTeX Font Info:    Checking defaults for U/cmr/m/n on input line 183.
LaTeX Font Info:    ... okay on input line 183.
LaTeX Font Info:    Checking defaults for PD1/pdf/m/n on input line 183.
LaTeX Font Info:    ... okay on input line 183.
LaTeX Font Info:    Checking defaults for PU/pdf/m/n on input line 183.
LaTeX Font Info:    ... okay on input line 183.
Package hyperref Info: Link coloring ON on input line 183.
LaTeX Info: Redefining \degres on input line 183.
LaTeX Info: Redefining \up on input line 183.
\myptabbox=\box111
\myptabboxwidth=\skip265

(C:/Users/Patrick/AppData/Local/Programs/MiKTeX/tex/context/base/mkii/supp-pdf.
mkii
[Loading MPS to PDF converter (version 2006.09.02).]
\scratchcounter=\count376
\scratchdimen=\dimen279
\scratchbox=\box112
\nofMPsegments=\count377
\nofMParguments=\count378
\everyMPshowfont=\toks40
\MPscratchCnt=\count379
\MPscratchDim=\dimen280
\MPnumerator=\count380
\makeMPintoPDFobject=\count381
\everyMPtoPDFconversion=\toks41
)
(C:/Users/Patrick/AppData/Local/Programs/MiKTeX/tex/latex/epstopdf-pkg/epstopdf
-base.sty
Package: epstopdf-base 2020-01-24 v2.11 Base part for package epstopdf
Package epstopdf-base Info: Redefining graphics rule for `.eps' on input line 4
85.

(C:/Users/Patrick/AppData/Local/Programs/MiKTeX/tex/latex/00miktex/epstopdf-sys
.cfg
File: epstopdf-sys.cfg 2021/03/18 v2.0 Configuration of epstopdf for MiKTeX
))
LaTeX Info: Redefining \microtypecontext on input line 183.
Package microtype Info: Applying patch `item' on input line 183.
Package microtype Info: Applying patch `toc' on input line 183.
Package microtype Info: Applying patch `eqnum' on input line 183.
Package microtype Info: Applying patch `footnote' on input line 183.
Package microtype Info: Applying patch `verbatim' on input line 183.
Package microtype Info: Generating PDF output.
Package microtype Info: Character protrusion enabled (level 2).
Package microtype Info: Using default protrusion set `alltext'.
Package microtype Info: Automatic font expansion enabled (level 2),
(microtype)             stretch: 20, shrink: 20, step: 1, non-selected.
Package microtype Info: Using default expansion set `alltext-nott'.
LaTeX Info: Redefining \showhyphens on input line 183.
Package microtype Info: No adjustment of tracking.
Package microtype Info: No adjustment of spacing.
Package microtype Info: No adjustment of kerning.

(C:/Users/Patrick/AppData/Local/Programs/MiKTeX/tex/latex/microtype/mt-cmr.cfg
File: mt-cmr.cfg 2013/05/19 v2.2 microtype config. file: Computer Modern Roman 
(RS)
)
(C:/Users/Patrick/AppData/Local/Programs/MiKTeX/tex/latex/pdflscape/pdflscape.s
ty
Package: pdflscape 2022-10-27 v0.13 Display of landscape pages in PDF

(C:/Users/Patrick/AppData/Local/Programs/MiKTeX/tex/latex/pdflscape/pdflscape-n
ometadata.sty
Package: pdflscape-nometadata 2022-10-28 v0.13 Display of landscape pages in PD
F (HO)

(C:/Users/Patrick/AppData/Local/Programs/MiKTeX/tex/latex/graphics/lscape.sty
Package: lscape 2020/05/28 v3.02 Landscape Pages (DPC)
)
Package pdflscape Info: Auto-detected driver: pdftex on input line 81.
))
\c@lstlisting=\count382
LaTeX Font Info:    Trying to load font information for T1+lmss on input line 2
00.
 (C:/Users/Patrick/AppData/Local/Programs/MiKTeX/tex/latex/lm/t1lmss.fd
File: t1lmss.fd 2015/05/01 v1.6.1 Font defs for Latin Modern
)
Package microtype Info: Loading generic protrusion settings for font family
(microtype)             `lmss' (encoding: T1).
(microtype)             For optimal results, create family-specific settings.
(microtype)             See the microtype manual for details.

[1

{C:/Users/Patrick/AppData/Local/MiKTeX/fonts/map/pdftex/pdftex.map}]
LaTeX Font Info:    Trying to load font information for OT1+lmr on input line 2
09.

(C:/Users/Patrick/AppData/Local/Programs/MiKTeX/tex/latex/lm/ot1lmr.fd
File: ot1lmr.fd 2015/05/01 v1.6.1 Font defs for Latin Modern
)
LaTeX Font Info:    Trying to load font information for OML+lmm on input line 2
09.

(C:/Users/Patrick/AppData/Local/Programs/MiKTeX/tex/latex/lm/omllmm.fd
File: omllmm.fd 2015/05/01 v1.6.1 Font defs for Latin Modern
)
LaTeX Font Info:    Trying to load font information for OMS+lmsy on input line 
209.

(C:/Users/Patrick/AppData/Local/Programs/MiKTeX/tex/latex/lm/omslmsy.fd
File: omslmsy.fd 2015/05/01 v1.6.1 Font defs for Latin Modern
)
LaTeX Font Info:    Trying to load font information for OMX+lmex on input line 
209.

(C:/Users/Patrick/AppData/Local/Programs/MiKTeX/tex/latex/lm/omxlmex.fd
File: omxlmex.fd 2015/05/01 v1.6.1 Font defs for Latin Modern
)
LaTeX Font Info:    External font `lmex10' loaded for size
(Font)              <12> on input line 209.
LaTeX Font Info:    External font `lmex10' loaded for size
(Font)              <8> on input line 209.
LaTeX Font Info:    External font `lmex10' loaded for size
(Font)              <6> on input line 209.

warning  (pdf backend): ignoring duplicate destination with the name 'page.1'
[1



] (./main.toc) [2]
\openout2 = capitulos/1-introducao.aux
 (./capitulos/1-introducao.tex) [3



]
\openout2 = capitulos/2-atividades.aux

(./capitulos/2-atividades.tex [4




] [5]
<./img/Conceitual.png, id=97, 763.35187pt x 470.50781pt>
File: ./img/Conceitual.png Graphic file (type png)
<use ./img/Conceitual.png>
Package luatex.def Info: ./img/Conceitual.png  used on input line 124.
(luatex.def)             Requested size: 455.0pt x 280.4474pt.


LaTeX Warning: `!h' float specifier changed to `!ht'.


Underfull \hbox (badness 10000) in paragraph at lines 130--131

 []

[6] [7
warning  (pdf backend): ignoring duplicate destination with the name 'figure.2.1
'

warning  (pdf backend): ignoring duplicate destination with the name 'table.2.1'

<./img/Conceitual.png>] [8
warning  (pdf backend): ignoring duplicate destination with the name 'table.2.2'


warning  (pdf backend): ignoring duplicate destination with the name 'table.2.3'

] [9
warning  (pdf backend): ignoring duplicate destination with the name 'table.2.4'

]
<./img/Logico.png, id=120, 938.00438pt x 590.205pt>
File: ./img/Logico.png Graphic file (type png)
<use ./img/Logico.png>
Package luatex.def Info: ./img/Logico.png  used on input line 264.
(luatex.def)             Requested size: 455.0pt x 286.2851pt.
 [10
warning  (pdf backend): ignoring duplicate destination with the name 'figure.2.2
'

warning  (pdf backend): ignoring duplicate destination with the name 'table.2.5'

<./img/Logico.png>]
LaTeX Font Info:    Trying to load font information for T1+lmtt on input line 3
64.

(C:/Users/Patrick/AppData/Local/Programs/MiKTeX/tex/latex/lm/t1lmtt.fd
File: t1lmtt.fd 2015/05/01 v1.6.1 Font defs for Latin Modern
)
Package microtype Info: Loading generic protrusion settings for font family
(microtype)             `lmtt' (encoding: T1).
(microtype)             For optimal results, create family-specific settings.
(microtype)             See the microtype manual for details.

[11
warning  (pdf backend): ignoring duplicate destination with the name 'table.2.6'


warning  (pdf backend): ignoring duplicate destination with the name 'table.2.7'


warning  (pdf backend): ignoring duplicate destination with the name 'table.2.8'


warning  (pdf backend): ignoring duplicate destination with the name 'table.2.9'

Missing character: There is no │ (U+2502) in font ec-lmtt12!
Missing character: There is no ├ (U+251C) in font ec-lmtt12!
Missing character: There is no ─ (U+2500) in font ec-lmtt12!
Missing character: There is no ─ (U+2500) in font ec-lmtt12!
Missing character: There is no │ (U+2502) in font ec-lmtt12!
Missing character: There is no ├ (U+251C) in font ec-lmtt12!
Missing character: There is no ─ (U+2500) in font ec-lmtt12!
Missing character: There is no ─ (U+2500) in font ec-lmtt12!
Missing character: There is no │ (U+2502) in font ec-lmtt12!
Missing character: There is no ├ (U+251C) in font ec-lmtt12!
Missing character: There is no ─ (U+2500) in font ec-lmtt12!
Missing character: There is no ─ (U+2500) in font ec-lmtt12!
Missing character: There is no │ (U+2502) in font ec-lmtt12!
Missing character: There is no ├ (U+251C) in font ec-lmtt12!
Missing character: There is no ─ (U+2500) in font ec-lmtt12!
Missing character: There is no ─ (U+2500) in font ec-lmtt12!
Missing character: There is no │ (U+2502) in font ec-lmtt12!
Missing character: There is no ├ (U+251C) in font ec-lmtt12!
Missing character: There is no ─ (U+2500) in font ec-lmtt12!
Missing character: There is no ─ (U+2500) in font ec-lmtt12!
Missing character: There is no │ (U+2502) in font ec-lmtt12!
Missing character: There is no └ (U+2514) in font ec-lmtt12!
Missing character: There is no ─ (U+2500) in font ec-lmtt12!
Missing character: There is no ─ (U+2500) in font ec-lmtt12!
Missing character: There is no │ (U+2502) in font ec-lmtt12!
] [12
Missing character: There is no ├ (U+251C) in font ec-lmtt12!
Missing character: There is no ─ (U+2500) in font ec-lmtt12!
Missing character: There is no ─ (U+2500) in font ec-lmtt12!
Missing character: There is no │ (U+2502) in font ec-lmtt12!
Missing character: There is no ├ (U+251C) in font ec-lmtt12!
Missing character: There is no ─ (U+2500) in font ec-lmtt12!
Missing character: There is no ─ (U+2500) in font ec-lmtt12!
Missing character: There is no │ (U+2502) in font ec-lmtt12!
Missing character: There is no └ (U+2514) in font ec-lmtt12!
Missing character: There is no ─ (U+2500) in font ec-lmtt12!
Missing character: There is no ─ (U+2500) in font ec-lmtt12!
Missing character: There is no ├ (U+251C) in font ec-lmtt12!
Missing character: There is no ─ (U+2500) in font ec-lmtt12!
Missing character: There is no ─ (U+2500) in font ec-lmtt12!
Missing character: There is no │ (U+2502) in font ec-lmtt12!
Missing character: There is no ├ (U+251C) in font ec-lmtt12!
Missing character: There is no ─ (U+2500) in font ec-lmtt12!
Missing character: There is no ─ (U+2500) in font ec-lmtt12!
Missing character: There is no ├ (U+251C) in font ec-lmtt12!
Missing character: There is no ─ (U+2500) in font ec-lmtt12!
Missing character: There is no ─ (U+2500) in font ec-lmtt12!
Missing character: There is no │ (U+2502) in font ec-lmtt12!
Missing character: There is no ├ (U+251C) in font ec-lmtt12!
Missing character: There is no ─ (U+2500) in font ec-lmtt12!
Missing character: There is no ─ (U+2500) in font ec-lmtt12!
Missing character: There is no ├ (U+251C) in font ec-lmtt12!
Missing character: There is no ─ (U+2500) in font ec-lmtt12!
Missing character: There is no ─ (U+2500) in font ec-lmtt12!
Missing character: There is no │ (U+2502) in font ec-lmtt12!
Missing character: There is no ├ (U+251C) in font ec-lmtt12!
Missing character: There is no ─ (U+2500) in font ec-lmtt12!
Missing character: There is no ─ (U+2500) in font ec-lmtt12!
Missing character: There is no ├ (U+251C) in font ec-lmtt12!
Missing character: There is no ─ (U+2500) in font ec-lmtt12!
Missing character: There is no ─ (U+2500) in font ec-lmtt12!
Missing character: There is no │ (U+2502) in font ec-lmtt12!
Missing character: There is no ├ (U+251C) in font ec-lmtt12!
Missing character: There is no ─ (U+2500) in font ec-lmtt12!
Missing character: There is no ─ (U+2500) in font ec-lmtt12!
Missing character: There is no ├ (U+251C) in font ec-lmtt12!
Missing character: There is no ─ (U+2500) in font ec-lmtt12!
Missing character: There is no ─ (U+2500) in font ec-lmtt12!
Missing character: There is no │ (U+2502) in font ec-lmtt12!
Missing character: There is no ├ (U+251C) in font ec-lmtt12!
Missing character: There is no ─ (U+2500) in font ec-lmtt12!
Missing character: There is no ─ (U+2500) in font ec-lmtt12!
Missing character: There is no ├ (U+251C) in font ec-lmtt12!
Missing character: There is no ─ (U+2500) in font ec-lmtt12!
Missing character: There is no ─ (U+2500) in font ec-lmtt12!
Missing character: There is no ├ (U+251C) in font ec-lmtt12!
Missing character: There is no ─ (U+2500) in font ec-lmtt12!
Missing character: There is no ─ (U+2500) in font ec-lmtt12!
Missing character: There is no └ (U+2514) in font ec-lmtt12!
Missing character: There is no ─ (U+2500) in font ec-lmtt12!
Missing character: There is no ─ (U+2500) in font ec-lmtt12!
Missing character: There is no │ (U+2502) in font ec-lmtt12!
Missing character: There is no ├ (U+251C) in font ec-lmtt12!
Missing character: There is no ─ (U+2500) in font ec-lmtt12!
Missing character: There is no ─ (U+2500) in font ec-lmtt12!
Missing character: There is no │ (U+2502) in font ec-lmtt12!
Missing character: There is no ├ (U+251C) in font ec-lmtt12!
Missing character: There is no ─ (U+2500) in font ec-lmtt12!
Missing character: There is no ─ (U+2500) in font ec-lmtt12!
Missing character: There is no ├ (U+251C) in font ec-lmtt12!
Missing character: There is no ─ (U+2500) in font ec-lmtt12!
Missing character: There is no ─ (U+2500) in font ec-lmtt12!
Missing character: There is no ├ (U+251C) in font ec-lmtt12!
Missing character: There is no ─ (U+2500) in font ec-lmtt12!
Missing character: There is no ─ (U+2500) in font ec-lmtt12!
Missing character: There is no ─ (U+2500) in font ec-lmtt12!
Missing character: There is no ─ (U+2500) in font ec-lmtt12!
Missing character: There is no │ (U+2502) in font ec-lmtt12!
Missing character: There is no ├ (U+251C) in font ec-lmtt12!
Missing character: There is no ─ (U+2500) in font ec-lmtt12!
Missing character: There is no ─ (U+2500) in font ec-lmtt12!
Missing character: There is no ├ (U+251C) in font ec-lmtt12!
Missing character: There is no ─ (U+2500) in font ec-lmtt12!
Missing character: There is no ─ (U+2500) in font ec-lmtt12!
Missing character: There is no │ (U+2502) in font ec-lmtt12!
Missing character: There is no │ (U+2502) in font ec-lmtt12!
Missing character: There is no ├ (U+251C) in font ec-lmtt12!
Missing character: There is no ─ (U+2500) in font ec-lmtt12!
Missing character: There is no ─ (U+2500) in font ec-lmtt12!
Missing character: There is no │ (U+2502) in font ec-lmtt12!
Missing character: There is no ├ (U+251C) in font ec-lmtt12!
Missing character: There is no ─ (U+2500) in font ec-lmtt12!
Missing character: There is no ─ (U+2500) in font ec-lmtt12!
Missing character: There is no ├ (U+251C) in font ec-lmtt12!
Missing character: There is no ─ (U+2500) in font ec-lmtt12!
Missing character: There is no ─ (U+2500) in font ec-lmtt12!
Missing character: There is no │ (U+2502) in font ec-lmtt12!
Missing character: There is no ├ (U+251C) in font ec-lmtt12!
Missing character: There is no ─ (U+2500) in font ec-lmtt12!
Missing character: There is no ─ (U+2500) in font ec-lmtt12!
Missing character: There is no │ (U+2502) in font ec-lmtt12!
]
<./img/laravel-logo-41EC1D4C3F-seeklogo.com.png, id=142, 293.095pt x 301.125pt>

File: ./img/laravel-logo-41EC1D4C3F-seeklogo.com.png Graphic file (type png)
<use ./img/laravel-logo-41EC1D4C3F-seeklogo.com.png>
Package luatex.def Info: ./img/laravel-logo-41EC1D4C3F-seeklogo.com.png  used o
n input line 433.
(luatex.def)             Requested size: 45.50081pt x 70.80573pt.
 [13
Missing character: There is no └ (U+2514) in font ec-lmtt12!
Missing character: There is no ─ (U+2500) in font ec-lmtt12!
Missing character: There is no ─ (U+2500) in font ec-lmtt12!

warning  (pdf backend): ignoring duplicate destination with the name 'figure.2.3
'
<./img/laravel-logo-41EC1D4C3F-seeklogo.com.png>]
<./img/vuejs-logo-17D586B587-seeklogo.com.png, id=150, 301.125pt x 259.97125pt>

File: ./img/vuejs-logo-17D586B587-seeklogo.com.png Graphic file (type png)
<use ./img/vuejs-logo-17D586B587-seeklogo.com.png>
Package luatex.def Info: ./img/vuejs-logo-17D586B587-seeklogo.com.png  used on 
input line 444.
(luatex.def)             Requested size: 45.50221pt x 70.80406pt.
) [14
warning  (pdf backend): ignoring duplicate destination with the name 'figure.2.4
'
<./img/vuejs-logo-17D586B587-seeklogo.com.png>]
\openout2 = capitulos/3-conclusao.aux
 (./capitulos/3-conclusao.tex
Underfull \hbox (badness 10000) in paragraph at lines 6--7

 []

) [15




] (./main.bbl (./main.brf)
\tf@brf=\write5

\openout5 = main.brf

bibitemlist
) [16



]
\openout2 = anexos/anexos.aux
 (./anexos/anexos.tex [17


] [18] [19] [20

] [21] [22]) [23]
No file main.ind.
\tf@toc=\write6

\openout6 = main.toc
(./main.aux (./capitulos/1-introducao.aux) (./capitulos/2-atividades.aux)
(./capitulos/3-conclusao.aux) (./anexos/anexos.aux))
 ***********
LaTeX2e <2023-11-01> patch level 1
L3 programming layer <2020/03/25>
 ***********


LaTeX Warning: There were multiply-defined labels.

Package rerunfilecheck Info: File `main.brf' has not changed.
(rerunfilecheck)             Checksum: E6316E18DFBD9B713079AD38276387CB;60.
)

Here is how much of LuaTeX's memory you used:
 21974 strings out of 476497
 125027,1977958 words of node,token memory allocated
 1447 words of node memory still in use:
   5 hlist, 1 vlist, 1 rule, 1 local_par, 8 glue, 3 kern, 2 penalty, 2 margin_ke
rn, 6 glyph, 82 attribute, 193 glue_spec, 13 attribute_list, 4 write, 3 pdf_acti
on nodes
   avail lists: 1:2,2:3166,3:550,4:142,5:338,6:99,7:5941,8:106,9:918,10:18,11:71
9
 43342 multiletter control sequences out of 65536+600000
 44 fonts using 3055919 bytes
 99i,13n,102p,1000b,595s stack positions out of 10000i,1000n,20000p,200000b,200000s
{C:/Users/Patrick/AppData/Local/Programs/MiKTeX/fonts/enc/dvips/lm/lm-ec.enc}{C:
/Users/Patrick/AppData/Local/Programs/MiKTeX/fonts/enc/dvips/lm/lm-ts1.enc}<C:/U
sers/Patrick/AppData/Local/Programs/MiKTeX/fonts/type1/public/lm/lmbx12.pfb><C:/
Users/Patrick/AppData/Local/Programs/MiKTeX/fonts/type1/public/lm/lmr10.pfb><C:/
Users/Patrick/AppData/Local/Programs/MiKTeX/fonts/type1/public/lm/lmr12.pfb><C:/
Users/Patrick/AppData/Local/Programs/MiKTeX/fonts/type1/public/lm/lmri10.pfb><C:
/Users/Patrick/AppData/Local/Programs/MiKTeX/fonts/type1/public/lm/lmri12.pfb><C
:/Users/Patrick/AppData/Local/Programs/MiKTeX/fonts/type1/public/lm/lmss10.pfb><
C:/Users/Patrick/AppData/Local/Programs/MiKTeX/fonts/type1/public/lm/lmss12.pfb>
<C:/Users/Patrick/AppData/Local/Programs/MiKTeX/fonts/type1/public/lm/lmss17.pfb
><C:/Users/Patrick/AppData/Local/Programs/MiKTeX/fonts/type1/public/lm/lmssbx10.
pfb><C:/Users/Patrick/AppData/Local/Programs/MiKTeX/fonts/type1/public/lm/lmtt12
.pfb>
Output written on main.pdf (24 pages, 452087 bytes).

PDF statistics: 322 PDF objects out of 1000 (max. 8388607)
 69 named destinations out of 1000 (max. 131072)
 217 words of extra memory for PDF output out of 10000 (max. 100000000)

